# JRE version: Java(TM) SE Runtime Environment (8.0_152-b16) (build 1.8.0_152-b16)
# Java VM: Java HotSpot(TM) 64-Bit Server VM (25.152-b16 mixed mode windows-amd64 compressed oops)
Heap:
 PSYoungGen      total 120832K, used 25266K [0x00000000eb300000, 0x00000000f3180000, 0x0000000100000000)
  eden space 112128K, 14% used [0x00000000eb300000,0x00000000ec334728,0x00000000f2080000)
  from space 8704K, 99% used [0x00000000f2080000,0x00000000f28f81d8,0x00000000f2900000)
  to   space 8192K, 5% used [0x00000000f2980000,0x00000000f29e8000,0x00000000f3180000)
 ParOldGen       total 53248K, used 21238K [0x00000000c1800000, 0x00000000c4c00000, 0x00000000eb300000)
  object space 53248K, 39% used [0x00000000c1800000,0x00000000c2cbdad8,0x00000000c4c00000)
 Metaspace       used 44891K, capacity 47376K, committed 47616K, reserved 1093632K
  class space    used 6342K, capacity 6826K, committed 6912K, reserved 1048576K
GC Heap History (10 events):
Event: 13.438 GC heap after
Heap after GC invocations=11 (full 1):
 PSYoungGen      total 87040K, used 7154K [0x00000000eb300000, 0x00000000f1800000, 0x0000000100000000)
  eden space 79872K, 0% used [0x00000000eb300000,0x00000000eb300000,0x00000000f0100000)
  from space 7168K, 99% used [0x00000000f0a00000,0x00000000f10fc9c8,0x00000000f1100000)
  to   space 9216K, 0% used [0x00000000f0100000,0x00000000f0100000,0x00000000f0a00000)
 ParOldGen       total 31744K, used 10217K [0x00000000c1800000, 0x00000000c3700000, 0x00000000eb300000)
  object space 31744K, 32% used [0x00000000c1800000,0x00000000c21fa560,0x00000000c3700000)
 Metaspace       used 25827K, capacity 27294K, committed 27520K, reserved 1073152K
  class space    used 3592K, capacity 3885K, committed 3968K, reserved 1048576K
}
Event: 14.730 GC heap before
{Heap before GC invocations=12 (full 1):
 PSYoungGen      total 87040K, used 87026K [0x00000000eb300000, 0x00000000f1800000, 0x0000000100000000)
  eden space 79872K, 100% used [0x00000000eb300000,0x00000000f0100000,0x00000000f0100000)
  from space 7168K, 99% used [0x00000000f0a00000,0x00000000f10fc9c8,0x00000000f1100000)
  to   space 9216K, 0% used [0x00000000f0100000,0x00000000f0100000,0x00000000f0a00000)
 ParOldGen       total 31744K, used 10217K [0x00000000c1800000, 0x00000000c3700000, 0x00000000eb300000)
  object space 31744K, 32% used [0x00000000c1800000,0x00000000c21fa560,0x00000000c3700000)
 Metaspace       used 28891K, capacity 30944K, committed 31104K, reserved 1075200K
  class space    used 4008K, capacity 4390K, committed 4480K, reserved 1048576K
Event: 14.751 GC heap after
Heap after GC invocations=12 (full 1):
 PSYoungGen      total 89088K, used 4978K [0x00000000eb300000, 0x00000000f3200000, 0x0000000100000000)
  eden space 79872K, 0% used [0x00000000eb300000,0x00000000eb300000,0x00000000f0100000)
  from space 9216K, 54% used [0x00000000f0100000,0x00000000f05dcb40,0x00000000f0a00000)
  to   space 8704K, 0% used [0x00000000f2980000,0x00000000f2980000,0x00000000f3200000)
 ParOldGen       total 31744K, used 15474K [0x00000000c1800000, 0x00000000c3700000, 0x00000000eb300000)
  object space 31744K, 48% used [0x00000000c1800000,0x00000000c271c9b8,0x00000000c3700000)
 Metaspace       used 28891K, capacity 30944K, committed 31104K, reserved 1075200K
  class space    used 4008K, capacity 4390K, committed 4480K, reserved 1048576K
}
Event: 15.976 GC heap before
{Heap before GC invocations=13 (full 1):
 PSYoungGen      total 89088K, used 42477K [0x00000000eb300000, 0x00000000f3200000, 0x0000000100000000)
  eden space 79872K, 46% used [0x00000000eb300000,0x00000000ed79eb78,0x00000000f0100000)
  from space 9216K, 54% used [0x00000000f0100000,0x00000000f05dcb40,0x00000000f0a00000)
  to   space 8704K, 0% used [0x00000000f2980000,0x00000000f2980000,0x00000000f3200000)
 ParOldGen       total 31744K, used 15474K [0x00000000c1800000, 0x00000000c3700000, 0x00000000eb300000)
  object space 31744K, 48% used [0x00000000c1800000,0x00000000c271c9b8,0x00000000c3700000)
 Metaspace       used 33054K, capacity 35352K, committed 35456K, reserved 1079296K
  class space    used 4498K, capacity 4932K, committed 4992K, reserved 1048576K
Event: 15.995 GC heap after
Heap after GC invocations=13 (full 1):
 PSYoungGen      total 120320K, used 5094K [0x00000000eb300000, 0x00000000f3180000, 0x0000000100000000)
  eden space 112128K, 0% used [0x00000000eb300000,0x00000000eb300000,0x00000000f2080000)
  from space 8192K, 62% used [0x00000000f2980000,0x00000000f2e79978,0x00000000f3180000)
  to   space 8704K, 0% used [0x00000000f2080000,0x00000000f2080000,0x00000000f2900000)
 ParOldGen       total 31744K, used 17783K [0x00000000c1800000, 0x00000000c3700000, 0x00000000eb300000)
  object space 31744K, 56% used [0x00000000c1800000,0x00000000c295dd38,0x00000000c3700000)
 Metaspace       used 33054K, capacity 35352K, committed 35456K, reserved 1079296K
  class space    used 4498K, capacity 4932K, committed 4992K, reserved 1048576K
}
Event: 15.995 GC heap before
{Heap before GC invocations=14 (full 2):
 PSYoungGen      total 120320K, used 5094K [0x00000000eb300000, 0x00000000f3180000, 0x0000000100000000)
  eden space 112128K, 0% used [0x00000000eb300000,0x00000000eb300000,0x00000000f2080000)
  from space 8192K, 62% used [0x00000000f2980000,0x00000000f2e79978,0x00000000f3180000)
  to   space 8704K, 0% used [0x00000000f2080000,0x00000000f2080000,0x00000000f2900000)
 ParOldGen       total 31744K, used 17783K [0x00000000c1800000, 0x00000000c3700000, 0x00000000eb300000)
  object space 31744K, 56% used [0x00000000c1800000,0x00000000c295dd38,0x00000000c3700000)
 Metaspace       used 33054K, capacity 35352K, committed 35456K, reserved 1079296K
  class space    used 4498K, capacity 4932K, committed 4992K, reserved 1048576K
Event: 16.128 GC heap after
Heap after GC invocations=14 (full 2):
 PSYoungGen      total 120320K, used 0K [0x00000000eb300000, 0x00000000f3180000, 0x0000000100000000)
  eden space 112128K, 0% used [0x00000000eb300000,0x00000000eb300000,0x00000000f2080000)
  from space 8192K, 0% used [0x00000000f2980000,0x00000000f2980000,0x00000000f3180000)
  to   space 8704K, 0% used [0x00000000f2080000,0x00000000f2080000,0x00000000f2900000)
 ParOldGen       total 53248K, used 16534K [0x00000000c1800000, 0x00000000c4c00000, 0x00000000eb300000)
  object space 53248K, 31% used [0x00000000c1800000,0x00000000c2825ad0,0x00000000c4c00000)
 Metaspace       used 33054K, capacity 35352K, committed 35456K, reserved 1079296K
  class space    used 4498K, capacity 4932K, committed 4992K, reserved 1048576K
}
Event: 19.644 GC heap before
{Heap before GC invocations=15 (full 2):
 PSYoungGen      total 120320K, used 112128K [0x00000000eb300000, 0x00000000f3180000, 0x0000000100000000)
  eden space 112128K, 100% used [0x00000000eb300000,0x00000000f2080000,0x00000000f2080000)
  from space 8192K, 0% used [0x00000000f2980000,0x00000000f2980000,0x00000000f3180000)
  to   space 8704K, 0% used [0x00000000f2080000,0x00000000f2080000,0x00000000f2900000)
 ParOldGen       total 53248K, used 16534K [0x00000000c1800000, 0x00000000c4c00000, 0x00000000eb300000)
  object space 53248K, 31% used [0x00000000c1800000,0x00000000c2825ad0,0x00000000c4c00000)
 Metaspace       used 43726K, capacity 46224K, committed 46592K, reserved 1089536K
  class space    used 6171K, capacity 6656K, committed 6656K, reserved 1048576K
Event: 19.672 GC heap after
Heap after GC invocations=15 (full 2):
 PSYoungGen      total 120832K, used 8672K [0x00000000eb300000, 0x00000000f3180000, 0x0000000100000000)
  eden space 112128K, 0% used [0x00000000eb300000,0x00000000eb300000,0x00000000f2080000)
  from space 8704K, 99% used [0x00000000f2080000,0x00000000f28f81d8,0x00000000f2900000)
  to   space 8192K, 0% used [0x00000000f2980000,0x00000000f2980000,0x00000000f3180000)
 ParOldGen       total 53248K, used 18982K [0x00000000c1800000, 0x00000000c4c00000, 0x00000000eb300000)
  object space 53248K, 35% used [0x00000000c1800000,0x00000000c2a89aa8,0x00000000c4c00000)
 Metaspace       used 43726K, capacity 46224K, committed 46592K, reserved 1089536K
  class space    used 6171K, capacity 6656K, committed 6656K, reserved 1048576K
}
Event: 20.052 GC heap before
{Heap before GC invocations=16 (full 2):
 PSYoungGen      total 120832K, used 25266K [0x00000000eb300000, 0x00000000f3180000, 0x0000000100000000)
  eden space 112128K, 14% used [0x00000000eb300000,0x00000000ec334728,0x00000000f2080000)
  from space 8704K, 99% used [0x00000000f2080000,0x00000000f28f81d8,0x00000000f2900000)
  to   space 8192K, 0% used [0x00000000f2980000,0x00000000f2980000,0x00000000f3180000)
 ParOldGen       total 53248K, used 18982K [0x00000000c1800000, 0x00000000c4c00000, 0x00000000eb300000)
  object space 53248K, 35% used [0x00000000c1800000,0x00000000c2a89aa8,0x00000000c4c00000)
 Metaspace       used 44891K, capacity 47376K, committed 47616K, reserved 1093632K
  class space    used 6342K, capacity 6826K, committed 6912K, reserved 1048576K

